<?xml version="1.0" encoding="UTF-8"?>
<!-- Generated by org.testng.reporters.JUnitReportReporter -->
<testsuite skipped="0" hostname="NAVEEN" name="com.crm.qa.testcases.HomePageTest" tests="5" failures="0" timestamp="12 Dec 2018 15:57:43 GMT" time="85.903" errors="0">
  <testcase name="titleVerification" time="18.386" classname="com.crm.qa.testcases.HomePageTest"/>
  <testcase name="getUserName" time="13.924" classname="com.crm.qa.testcases.HomePageTest"/>
  <testcase name="clickOnContacts" time="16.983" classname="com.crm.qa.testcases.HomePageTest"/>
  <testcase name="clickOnDeals" time="17.567" classname="com.crm.qa.testcases.HomePageTest"/>
  <testcase name="clickOnTasks" time="19.043" classname="com.crm.qa.testcases.HomePageTest"/>
</testsuite> <!-- com.crm.qa.testcases.HomePageTest -->
