<?xml version="1.0" encoding="UTF-8"?>
<!-- Generated by org.testng.reporters.JUnitReportReporter -->
<testsuite skipped="0" hostname="NAVEEN" name="com.crm.qa.testcases.LoginPageTest" tests="3" failures="0" timestamp="12 Dec 2018 15:57:43 GMT" time="58.808" errors="0">
  <testcase name="loginPageTitle" time="27.774" classname="com.crm.qa.testcases.LoginPageTest"/>
  <testcase name="crmLogoImageTest" time="13.798" classname="com.crm.qa.testcases.LoginPageTest"/>
  <testcase name="loginTest" time="17.236" classname="com.crm.qa.testcases.LoginPageTest"/>
</testsuite> <!-- com.crm.qa.testcases.LoginPageTest -->
